# JRE version: Java(TM) SE Runtime Environment (8.0_161-b12) (build 1.8.0_161-b12)
# Java VM: Java HotSpot(TM) 64-Bit Server VM (25.161-b12 mixed mode windows-amd64 compressed oops)
Heap:
 PSYoungGen      total 17408K, used 13833K [0x00000000f6180000, 0x00000000f8a80000, 0x0000000100000000)
  eden space 16384K, 78% used [0x00000000f6180000,0x00000000f6e024d0,0x00000000f7180000)
  from space 1024K, 100% used [0x00000000f7180000,0x00000000f7280000,0x00000000f7280000)
  to   space 4608K, 0% used [0x00000000f8600000,0x00000000f8600000,0x00000000f8a80000)
 ParOldGen       total 20480K, used 7921K [0x00000000e2400000, 0x00000000e3800000, 0x00000000f6180000)
  object space 20480K, 38% used [0x00000000e2400000,0x00000000e2bbc528,0x00000000e3800000)
 Metaspace       used 19923K, capacity 20208K, committed 20608K, reserved 1067008K
  class space    used 2253K, capacity 2352K, committed 2432K, reserved 1048576K
GC Heap History (10 events):
Event: 9.907 GC heap before
{Heap before GC invocations=1 (full 0):
 PSYoungGen      total 9216K, used 8187K [0x00000000f6180000, 0x00000000f6b80000, 0x0000000100000000)
  eden space 8192K, 99% used [0x00000000f6180000,0x00000000f697ed98,0x00000000f6980000)
  from space 1024K, 0% used [0x00000000f6a80000,0x00000000f6a80000,0x00000000f6b80000)
  to   space 1024K, 0% used [0x00000000f6980000,0x00000000f6980000,0x00000000f6a80000)
 ParOldGen       total 20480K, used 0K [0x00000000e2400000, 0x00000000e3800000, 0x00000000f6180000)
  object space 20480K, 0% used [0x00000000e2400000,0x00000000e2400000,0x00000000e3800000)
 Metaspace       used 10999K, capacity 11210K, committed 11520K, reserved 1058816K
  class space    used 1364K, capacity 1414K, committed 1536K, reserved 1048576K
Event: 9.932 GC heap after
Heap after GC invocations=1 (full 0):
 PSYoungGen      total 9216K, used 1023K [0x00000000f6180000, 0x00000000f6b80000, 0x0000000100000000)
  eden space 8192K, 0% used [0x00000000f6180000,0x00000000f6180000,0x00000000f6980000)
  from space 1024K, 99% used [0x00000000f6980000,0x00000000f6a7fc10,0x00000000f6a80000)
  to   space 1024K, 0% used [0x00000000f6a80000,0x00000000f6a80000,0x00000000f6b80000)
 ParOldGen       total 20480K, used 1588K [0x00000000e2400000, 0x00000000e3800000, 0x00000000f6180000)
  object space 20480K, 7% used [0x00000000e2400000,0x00000000e258d068,0x00000000e3800000)
 Metaspace       used 10999K, capacity 11210K, committed 11520K, reserved 1058816K
  class space    used 1364K, capacity 1414K, committed 1536K, reserved 1048576K
}
Event: 16.012 GC heap before
{Heap before GC invocations=2 (full 0):
 PSYoungGen      total 9216K, used 9215K [0x00000000f6180000, 0x00000000f6b80000, 0x0000000100000000)
  eden space 8192K, 100% used [0x00000000f6180000,0x00000000f6980000,0x00000000f6980000)
  from space 1024K, 99% used [0x00000000f6980000,0x00000000f6a7fc10,0x00000000f6a80000)
  to   space 1024K, 0% used [0x00000000f6a80000,0x00000000f6a80000,0x00000000f6b80000)
 ParOldGen       total 20480K, used 1588K [0x00000000e2400000, 0x00000000e3800000, 0x00000000f6180000)
  object space 20480K, 7% used [0x00000000e2400000,0x00000000e258d068,0x00000000e3800000)
 Metaspace       used 15283K, capacity 15510K, committed 15872K, reserved 1062912K
  class space    used 1662K, capacity 1733K, committed 1792K, reserved 1048576K
Event: 16.048 GC heap after
Heap after GC invocations=2 (full 0):
 PSYoungGen      total 9216K, used 1024K [0x00000000f6180000, 0x00000000f6b80000, 0x0000000100000000)
  eden space 8192K, 0% used [0x00000000f6180000,0x00000000f6180000,0x00000000f6980000)
  from space 1024K, 100% used [0x00000000f6a80000,0x00000000f6b80000,0x00000000f6b80000)
  to   space 1024K, 0% used [0x00000000f6980000,0x00000000f6980000,0x00000000f6a80000)
 ParOldGen       total 20480K, used 2813K [0x00000000e2400000, 0x00000000e3800000, 0x00000000f6180000)
  object space 20480K, 13% used [0x00000000e2400000,0x00000000e26bf678,0x00000000e3800000)
 Metaspace       used 15283K, capacity 15510K, committed 15872K, reserved 1062912K
  class space    used 1662K, capacity 1733K, committed 1792K, reserved 1048576K
}
Event: 16.548 GC heap before
{Heap before GC invocations=3 (full 0):
 PSYoungGen      total 9216K, used 9216K [0x00000000f6180000, 0x00000000f6b80000, 0x0000000100000000)
  eden space 8192K, 100% used [0x00000000f6180000,0x00000000f6980000,0x00000000f6980000)
  from space 1024K, 100% used [0x00000000f6a80000,0x00000000f6b80000,0x00000000f6b80000)
  to   space 1024K, 0% used [0x00000000f6980000,0x00000000f6980000,0x00000000f6a80000)
 ParOldGen       total 20480K, used 2813K [0x00000000e2400000, 0x00000000e3800000, 0x00000000f6180000)
  object space 20480K, 13% used [0x00000000e2400000,0x00000000e26bf678,0x00000000e3800000)
 Metaspace       used 15321K, capacity 15574K, committed 15872K, reserved 1062912K
  class space    used 1662K, capacity 1733K, committed 1792K, reserved 1048576K
Event: 16.576 GC heap after
Heap after GC invocations=3 (full 0):
 PSYoungGen      total 9216K, used 1024K [0x00000000f6180000, 0x00000000f7380000, 0x0000000100000000)
  eden space 8192K, 0% used [0x00000000f6180000,0x00000000f6180000,0x00000000f6980000)
  from space 1024K, 100% used [0x00000000f6980000,0x00000000f6a80000,0x00000000f6a80000)
  to   space 1024K, 0% used [0x00000000f7280000,0x00000000f7280000,0x00000000f7380000)
 ParOldGen       total 20480K, used 3348K [0x00000000e2400000, 0x00000000e3800000, 0x00000000f6180000)
  object space 20480K, 16% used [0x00000000e2400000,0x00000000e2745100,0x00000000e3800000)
 Metaspace       used 15321K, capacity 15574K, committed 15872K, reserved 1062912K
  class space    used 1662K, capacity 1733K, committed 1792K, reserved 1048576K
}
Event: 17.727 GC heap before
{Heap before GC invocations=4 (full 0):
 PSYoungGen      total 9216K, used 9216K [0x00000000f6180000, 0x00000000f7380000, 0x0000000100000000)
  eden space 8192K, 100% used [0x00000000f6180000,0x00000000f6980000,0x00000000f6980000)
  from space 1024K, 100% used [0x00000000f6980000,0x00000000f6a80000,0x00000000f6a80000)
  to   space 1024K, 0% used [0x00000000f7280000,0x00000000f7280000,0x00000000f7380000)
 ParOldGen       total 20480K, used 3348K [0x00000000e2400000, 0x00000000e3800000, 0x00000000f6180000)
  object space 20480K, 16% used [0x00000000e2400000,0x00000000e2745100,0x00000000e3800000)
 Metaspace       used 15426K, capacity 15670K, committed 15872K, reserved 1062912K
  class space    used 1675K, capacity 1765K, committed 1792K, reserved 1048576K
Event: 17.755 GC heap after
Heap after GC invocations=4 (full 0):
 PSYoungGen      total 17408K, used 1024K [0x00000000f6180000, 0x00000000f7380000, 0x0000000100000000)
  eden space 16384K, 0% used [0x00000000f6180000,0x00000000f6180000,0x00000000f7180000)
  from space 1024K, 100% used [0x00000000f7280000,0x00000000f7380000,0x00000000f7380000)
  to   space 1024K, 0% used [0x00000000f7180000,0x00000000f7180000,0x00000000f7280000)
 ParOldGen       total 20480K, used 4632K [0x00000000e2400000, 0x00000000e3800000, 0x00000000f6180000)
  object space 20480K, 22% used [0x00000000e2400000,0x00000000e2886260,0x00000000e3800000)
 Metaspace       used 15426K, capacity 15670K, committed 15872K, reserved 1062912K
  class space    used 1675K, capacity 1765K, committed 1792K, reserved 1048576K
}
Event: 21.433 GC heap before
{Heap before GC invocations=5 (full 0):
 PSYoungGen      total 17408K, used 17408K [0x00000000f6180000, 0x00000000f7380000, 0x0000000100000000)
  eden space 16384K, 100% used [0x00000000f6180000,0x00000000f7180000,0x00000000f7180000)
  from space 1024K, 100% used [0x00000000f7280000,0x00000000f7380000,0x00000000f7380000)
  to   space 1024K, 0% used [0x00000000f7180000,0x00000000f7180000,0x00000000f7280000)
 ParOldGen       total 20480K, used 4632K [0x00000000e2400000, 0x00000000e3800000, 0x00000000f6180000)
  object space 20480K, 22% used [0x00000000e2400000,0x00000000e2886260,0x00000000e3800000)
 Metaspace       used 19092K, capacity 19394K, committed 19712K, reserved 1067008K
  class space    used 2166K, capacity 2251K, committed 2304K, reserved 1048576K
Event: 21.451 GC heap after
Heap after GC invocations=5 (full 0):
 PSYoungGen      total 17408K, used 1024K [0x00000000f6180000, 0x00000000f8a80000, 0x0000000100000000)
  eden space 16384K, 0% used [0x00000000f6180000,0x00000000f6180000,0x00000000f7180000)
  from space 1024K, 100% used [0x00000000f7180000,0x00000000f7280000,0x00000000f7280000)
  to   space 4608K, 0% used [0x00000000f8600000,0x00000000f8600000,0x00000000f8a80000)
 ParOldGen       total 20480K, used 7921K [0x00000000e2400000, 0x00000000e3800000, 0x00000000f6180000)
  object space 20480K, 38% used [0x00000000e2400000,0x00000000e2bbc528,0x00000000e3800000)
 Metaspace       used 19092K, capacity 19394K, committed 19712K, reserved 1067008K
  class space    used 2166K, capacity 2251K, committed 2304K, reserved 1048576K
}

