# JRE version: Java(TM) SE Runtime Environment (8.0_161-b12) (build 1.8.0_161-b12)
# Java VM: Java HotSpot(TM) 64-Bit Server VM (25.161-b12 mixed mode windows-amd64 compressed oops)
Heap:
 PSYoungGen      total 37376K, used 7733K [0x00000000f6180000, 0x00000000f8a80000, 0x0000000100000000)
  eden space 32768K, 12% used [0x00000000f6180000,0x00000000f655b508,0x00000000f8180000)
  from space 4608K, 82% used [0x00000000f8600000,0x00000000f89b1f58,0x00000000f8a80000)
  to   space 4608K, 0% used [0x00000000f8180000,0x00000000f8180000,0x00000000f8600000)
 ParOldGen       total 20480K, used 10153K [0x00000000e2400000, 0x00000000e3800000, 0x00000000f6180000)
  object space 20480K, 49% used [0x00000000e2400000,0x00000000e2dea780,0x00000000e3800000)
 Metaspace       used 20353K, capacity 20656K, committed 21120K, reserved 1069056K
  class space    used 2267K, capacity 2352K, committed 2432K, reserved 1048576K
GC Heap History (10 events):
Event: 17.044 GC heap before
{Heap before GC invocations=2 (full 0):
 PSYoungGen      total 9216K, used 9215K [0x00000000f6180000, 0x00000000f6b80000, 0x0000000100000000)
  eden space 8192K, 100% used [0x00000000f6180000,0x00000000f6980000,0x00000000f6980000)
  from space 1024K, 99% used [0x00000000f6980000,0x00000000f6a7fc10,0x00000000f6a80000)
  to   space 1024K, 0% used [0x00000000f6a80000,0x00000000f6a80000,0x00000000f6b80000)
 ParOldGen       total 20480K, used 1597K [0x00000000e2400000, 0x00000000e3800000, 0x00000000f6180000)
  object space 20480K, 7% used [0x00000000e2400000,0x00000000e258f608,0x00000000e3800000)
 Metaspace       used 15274K, capacity 15510K, committed 15872K, reserved 1062912K
  class space    used 1663K, capacity 1733K, committed 1792K, reserved 1048576K
Event: 17.088 GC heap after
Heap after GC invocations=2 (full 0):
 PSYoungGen      total 9216K, used 1024K [0x00000000f6180000, 0x00000000f6b80000, 0x0000000100000000)
  eden space 8192K, 0% used [0x00000000f6180000,0x00000000f6180000,0x00000000f6980000)
  from space 1024K, 100% used [0x00000000f6a80000,0x00000000f6b80000,0x00000000f6b80000)
  to   space 1024K, 0% used [0x00000000f6980000,0x00000000f6980000,0x00000000f6a80000)
 ParOldGen       total 20480K, used 2845K [0x00000000e2400000, 0x00000000e3800000, 0x00000000f6180000)
  object space 20480K, 13% used [0x00000000e2400000,0x00000000e26c74f0,0x00000000e3800000)
 Metaspace       used 15274K, capacity 15510K, committed 15872K, reserved 1062912K
  class space    used 1663K, capacity 1733K, committed 1792K, reserved 1048576K
}
Event: 17.727 GC heap before
{Heap before GC invocations=3 (full 0):
 PSYoungGen      total 9216K, used 9216K [0x00000000f6180000, 0x00000000f6b80000, 0x0000000100000000)
  eden space 8192K, 100% used [0x00000000f6180000,0x00000000f6980000,0x00000000f6980000)
  from space 1024K, 100% used [0x00000000f6a80000,0x00000000f6b80000,0x00000000f6b80000)
  to   space 1024K, 0% used [0x00000000f6980000,0x00000000f6980000,0x00000000f6a80000)
 ParOldGen       total 20480K, used 2845K [0x00000000e2400000, 0x00000000e3800000, 0x00000000f6180000)
  object space 20480K, 13% used [0x00000000e2400000,0x00000000e26c74f0,0x00000000e3800000)
 Metaspace       used 15320K, capacity 15574K, committed 15872K, reserved 1062912K
  class space    used 1663K, capacity 1733K, committed 1792K, reserved 1048576K
Event: 17.757 GC heap after
Heap after GC invocations=3 (full 0):
 PSYoungGen      total 9216K, used 1024K [0x00000000f6180000, 0x00000000f7380000, 0x0000000100000000)
  eden space 8192K, 0% used [0x00000000f6180000,0x00000000f6180000,0x00000000f6980000)
  from space 1024K, 100% used [0x00000000f6980000,0x00000000f6a80000,0x00000000f6a80000)
  to   space 1024K, 0% used [0x00000000f7280000,0x00000000f7280000,0x00000000f7380000)
 ParOldGen       total 20480K, used 3369K [0x00000000e2400000, 0x00000000e3800000, 0x00000000f6180000)
  object space 20480K, 16% used [0x00000000e2400000,0x00000000e274a5d0,0x00000000e3800000)
 Metaspace       used 15320K, capacity 15574K, committed 15872K, reserved 1062912K
  class space    used 1663K, capacity 1733K, committed 1792K, reserved 1048576K
}
Event: 18.715 GC heap before
{Heap before GC invocations=4 (full 0):
 PSYoungGen      total 9216K, used 9216K [0x00000000f6180000, 0x00000000f7380000, 0x0000000100000000)
  eden space 8192K, 100% used [0x00000000f6180000,0x00000000f6980000,0x00000000f6980000)
  from space 1024K, 100% used [0x00000000f6980000,0x00000000f6a80000,0x00000000f6a80000)
  to   space 1024K, 0% used [0x00000000f7280000,0x00000000f7280000,0x00000000f7380000)
 ParOldGen       total 20480K, used 3369K [0x00000000e2400000, 0x00000000e3800000, 0x00000000f6180000)
  object space 20480K, 16% used [0x00000000e2400000,0x00000000e274a5d0,0x00000000e3800000)
 Metaspace       used 15425K, capacity 15670K, committed 15872K, reserved 1062912K
  class space    used 1676K, capacity 1765K, committed 1792K, reserved 1048576K
Event: 18.794 GC heap after
Heap after GC invocations=4 (full 0):
 PSYoungGen      total 17408K, used 1024K [0x00000000f6180000, 0x00000000f7380000, 0x0000000100000000)
  eden space 16384K, 0% used [0x00000000f6180000,0x00000000f6180000,0x00000000f7180000)
  from space 1024K, 100% used [0x00000000f7280000,0x00000000f7380000,0x00000000f7380000)
  to   space 1024K, 0% used [0x00000000f7180000,0x00000000f7180000,0x00000000f7280000)
 ParOldGen       total 20480K, used 4657K [0x00000000e2400000, 0x00000000e3800000, 0x00000000f6180000)
  object space 20480K, 22% used [0x00000000e2400000,0x00000000e288c478,0x00000000e3800000)
 Metaspace       used 15425K, capacity 15670K, committed 15872K, reserved 1062912K
  class space    used 1676K, capacity 1765K, committed 1792K, reserved 1048576K
}
Event: 22.864 GC heap before
{Heap before GC invocations=5 (full 0):
 PSYoungGen      total 17408K, used 17408K [0x00000000f6180000, 0x00000000f7380000, 0x0000000100000000)
  eden space 16384K, 100% used [0x00000000f6180000,0x00000000f7180000,0x00000000f7180000)
  from space 1024K, 100% used [0x00000000f7280000,0x00000000f7380000,0x00000000f7380000)
  to   space 1024K, 0% used [0x00000000f7180000,0x00000000f7180000,0x00000000f7280000)
 ParOldGen       total 20480K, used 4657K [0x00000000e2400000, 0x00000000e3800000, 0x00000000f6180000)
  object space 20480K, 22% used [0x00000000e2400000,0x00000000e288c478,0x00000000e3800000)
 Metaspace       used 19053K, capacity 19298K, committed 19712K, reserved 1067008K
  class space    used 2152K, capacity 2219K, committed 2304K, reserved 1048576K
Event: 22.885 GC heap after
Heap after GC invocations=5 (full 0):
 PSYoungGen      total 17408K, used 1024K [0x00000000f6180000, 0x00000000f8a80000, 0x0000000100000000)
  eden space 16384K, 0% used [0x00000000f6180000,0x00000000f6180000,0x00000000f7180000)
  from space 1024K, 100% used [0x00000000f7180000,0x00000000f7280000,0x00000000f7280000)
  to   space 4608K, 0% used [0x00000000f8600000,0x00000000f8600000,0x00000000f8a80000)
 ParOldGen       total 20480K, used 7936K [0x00000000e2400000, 0x00000000e3800000, 0x00000000f6180000)
  object space 20480K, 38% used [0x00000000e2400000,0x00000000e2bc01f0,0x00000000e3800000)
 Metaspace       used 19053K, capacity 19298K, committed 19712K, reserved 1067008K
  class space    used 2152K, capacity 2219K, committed 2304K, reserved 1048576K
}
Event: 29.837 GC heap before
{Heap before GC invocations=6 (full 0):
 PSYoungGen      total 17408K, used 16056K [0x00000000f6180000, 0x00000000f8a80000, 0x0000000100000000)
  eden space 16384K, 91% used [0x00000000f6180000,0x00000000f702e100,0x00000000f7180000)
  from space 1024K, 100% used [0x00000000f7180000,0x00000000f7280000,0x00000000f7280000)
  to   space 4608K, 0% used [0x00000000f8600000,0x00000000f8600000,0x00000000f8a80000)
 ParOldGen       total 20480K, used 7936K [0x00000000e2400000, 0x00000000e3800000, 0x00000000f6180000)
  object space 20480K, 38% used [0x00000000e2400000,0x00000000e2bc01f0,0x00000000e3800000)
 Metaspace       used 19922K, capacity 20176K, committed 20608K, reserved 1067008K
  class space    used 2241K, capacity 2320K, committed 2432K, reserved 1048576K
Event: 29.852 GC heap after
Heap after GC invocations=6 (full 0):
 PSYoungGen      total 37376K, used 3783K [0x00000000f6180000, 0x00000000f8a80000, 0x0000000100000000)
  eden space 32768K, 0% used [0x00000000f6180000,0x00000000f6180000,0x00000000f8180000)
  from space 4608K, 82% used [0x00000000f8600000,0x00000000f89b1f58,0x00000000f8a80000)
  to   space 4608K, 0% used [0x00000000f8180000,0x00000000f8180000,0x00000000f8600000)
 ParOldGen       total 20480K, used 10153K [0x00000000e2400000, 0x00000000e3800000, 0x00000000f6180000)
  object space 20480K, 49% used [0x00000000e2400000,0x00000000e2dea780,0x00000000e3800000)
 Metaspace       used 19922K, capacity 20176K, committed 20608K, reserved 1067008K
  class space    used 2241K, capacity 2320K, committed 2432K, reserved 1048576K
}

