# JRE version: Java(TM) SE Runtime Environment (8.0_161-b12) (build 1.8.0_161-b12)
# Java VM: Java HotSpot(TM) 64-Bit Server VM (25.161-b12 mixed mode windows-amd64 compressed oops)
Heap:
 PSYoungGen      total 17408K, used 13609K [0x00000000f6180000, 0x00000000f8a80000, 0x0000000100000000)
  eden space 16384K, 76% used [0x00000000f6180000,0x00000000f6dca670,0x00000000f7180000)
  from space 1024K, 100% used [0x00000000f7180000,0x00000000f7280000,0x00000000f7280000)
  to   space 4608K, 0% used [0x00000000f8600000,0x00000000f8600000,0x00000000f8a80000)
 ParOldGen       total 20480K, used 7912K [0x00000000e2400000, 0x00000000e3800000, 0x00000000f6180000)
  object space 20480K, 38% used [0x00000000e2400000,0x00000000e2bba328,0x00000000e3800000)
 Metaspace       used 19769K, capacity 20048K, committed 20608K, reserved 1067008K
  class space    used 2227K, capacity 2320K, committed 2432K, reserved 1048576K
GC Heap History (10 events):
Event: 10.677 GC heap before
{Heap before GC invocations=1 (full 0):
 PSYoungGen      total 9216K, used 8192K [0x00000000f6180000, 0x00000000f6b80000, 0x0000000100000000)
  eden space 8192K, 100% used [0x00000000f6180000,0x00000000f6980000,0x00000000f6980000)
  from space 1024K, 0% used [0x00000000f6a80000,0x00000000f6a80000,0x00000000f6b80000)
  to   space 1024K, 0% used [0x00000000f6980000,0x00000000f6980000,0x00000000f6a80000)
 ParOldGen       total 20480K, used 0K [0x00000000e2400000, 0x00000000e3800000, 0x00000000f6180000)
  object space 20480K, 0% used [0x00000000e2400000,0x00000000e2400000,0x00000000e3800000)
 Metaspace       used 10994K, capacity 11210K, committed 11520K, reserved 1058816K
  class space    used 1362K, capacity 1414K, committed 1536K, reserved 1048576K
Event: 10.701 GC heap after
Heap after GC invocations=1 (full 0):
 PSYoungGen      total 9216K, used 1023K [0x00000000f6180000, 0x00000000f6b80000, 0x0000000100000000)
  eden space 8192K, 0% used [0x00000000f6180000,0x00000000f6180000,0x00000000f6980000)
  from space 1024K, 99% used [0x00000000f6980000,0x00000000f6a7fc10,0x00000000f6a80000)
  to   space 1024K, 0% used [0x00000000f6a80000,0x00000000f6a80000,0x00000000f6b80000)
 ParOldGen       total 20480K, used 1600K [0x00000000e2400000, 0x00000000e3800000, 0x00000000f6180000)
  object space 20480K, 7% used [0x00000000e2400000,0x00000000e2590340,0x00000000e3800000)
 Metaspace       used 10994K, capacity 11210K, committed 11520K, reserved 1058816K
  class space    used 1362K, capacity 1414K, committed 1536K, reserved 1048576K
}
Event: 17.284 GC heap before
{Heap before GC invocations=2 (full 0):
 PSYoungGen      total 9216K, used 9215K [0x00000000f6180000, 0x00000000f6b80000, 0x0000000100000000)
  eden space 8192K, 100% used [0x00000000f6180000,0x00000000f6980000,0x00000000f6980000)
  from space 1024K, 99% used [0x00000000f6980000,0x00000000f6a7fc10,0x00000000f6a80000)
  to   space 1024K, 0% used [0x00000000f6a80000,0x00000000f6a80000,0x00000000f6b80000)
 ParOldGen       total 20480K, used 1600K [0x00000000e2400000, 0x00000000e3800000, 0x00000000f6180000)
  object space 20480K, 7% used [0x00000000e2400000,0x00000000e2590340,0x00000000e3800000)
 Metaspace       used 15271K, capacity 15510K, committed 15872K, reserved 1062912K
  class space    used 1663K, capacity 1733K, committed 1792K, reserved 1048576K
Event: 17.315 GC heap after
Heap after GC invocations=2 (full 0):
 PSYoungGen      total 9216K, used 1024K [0x00000000f6180000, 0x00000000f6b80000, 0x0000000100000000)
  eden space 8192K, 0% used [0x00000000f6180000,0x00000000f6180000,0x00000000f6980000)
  from space 1024K, 100% used [0x00000000f6a80000,0x00000000f6b80000,0x00000000f6b80000)
  to   space 1024K, 0% used [0x00000000f6980000,0x00000000f6980000,0x00000000f6a80000)
 ParOldGen       total 20480K, used 2836K [0x00000000e2400000, 0x00000000e3800000, 0x00000000f6180000)
  object space 20480K, 13% used [0x00000000e2400000,0x00000000e26c5038,0x00000000e3800000)
 Metaspace       used 15271K, capacity 15510K, committed 15872K, reserved 1062912K
  class space    used 1663K, capacity 1733K, committed 1792K, reserved 1048576K
}
Event: 18.007 GC heap before
{Heap before GC invocations=3 (full 0):
 PSYoungGen      total 9216K, used 9216K [0x00000000f6180000, 0x00000000f6b80000, 0x0000000100000000)
  eden space 8192K, 100% used [0x00000000f6180000,0x00000000f6980000,0x00000000f6980000)
  from space 1024K, 100% used [0x00000000f6a80000,0x00000000f6b80000,0x00000000f6b80000)
  to   space 1024K, 0% used [0x00000000f6980000,0x00000000f6980000,0x00000000f6a80000)
 ParOldGen       total 20480K, used 2836K [0x00000000e2400000, 0x00000000e3800000, 0x00000000f6180000)
  object space 20480K, 13% used [0x00000000e2400000,0x00000000e26c5038,0x00000000e3800000)
 Metaspace       used 15308K, capacity 15510K, committed 15872K, reserved 1062912K
  class space    used 1663K, capacity 1733K, committed 1792K, reserved 1048576K
Event: 18.025 GC heap after
Heap after GC invocations=3 (full 0):
 PSYoungGen      total 9216K, used 1024K [0x00000000f6180000, 0x00000000f7380000, 0x0000000100000000)
  eden space 8192K, 0% used [0x00000000f6180000,0x00000000f6180000,0x00000000f6980000)
  from space 1024K, 100% used [0x00000000f6980000,0x00000000f6a80000,0x00000000f6a80000)
  to   space 1024K, 0% used [0x00000000f7280000,0x00000000f7280000,0x00000000f7380000)
 ParOldGen       total 20480K, used 3380K [0x00000000e2400000, 0x00000000e3800000, 0x00000000f6180000)
  object space 20480K, 16% used [0x00000000e2400000,0x00000000e274d128,0x00000000e3800000)
 Metaspace       used 15308K, capacity 15510K, committed 15872K, reserved 1062912K
  class space    used 1663K, capacity 1733K, committed 1792K, reserved 1048576K
}
Event: 18.922 GC heap before
{Heap before GC invocations=4 (full 0):
 PSYoungGen      total 9216K, used 9216K [0x00000000f6180000, 0x00000000f7380000, 0x0000000100000000)
  eden space 8192K, 100% used [0x00000000f6180000,0x00000000f6980000,0x00000000f6980000)
  from space 1024K, 100% used [0x00000000f6980000,0x00000000f6a80000,0x00000000f6a80000)
  to   space 1024K, 0% used [0x00000000f7280000,0x00000000f7280000,0x00000000f7380000)
 ParOldGen       total 20480K, used 3380K [0x00000000e2400000, 0x00000000e3800000, 0x00000000f6180000)
  object space 20480K, 16% used [0x00000000e2400000,0x00000000e274d128,0x00000000e3800000)
 Metaspace       used 15412K, capacity 15670K, committed 15872K, reserved 1062912K
  class space    used 1675K, capacity 1765K, committed 1792K, reserved 1048576K
Event: 18.963 GC heap after
Heap after GC invocations=4 (full 0):
 PSYoungGen      total 17408K, used 1024K [0x00000000f6180000, 0x00000000f7380000, 0x0000000100000000)
  eden space 16384K, 0% used [0x00000000f6180000,0x00000000f6180000,0x00000000f7180000)
  from space 1024K, 100% used [0x00000000f7280000,0x00000000f7380000,0x00000000f7380000)
  to   space 1024K, 0% used [0x00000000f7180000,0x00000000f7180000,0x00000000f7280000)
 ParOldGen       total 20480K, used 4678K [0x00000000e2400000, 0x00000000e3800000, 0x00000000f6180000)
  object space 20480K, 22% used [0x00000000e2400000,0x00000000e28919d8,0x00000000e3800000)
 Metaspace       used 15412K, capacity 15670K, committed 15872K, reserved 1062912K
  class space    used 1675K, capacity 1765K, committed 1792K, reserved 1048576K
}
Event: 23.359 GC heap before
{Heap before GC invocations=5 (full 0):
 PSYoungGen      total 17408K, used 17408K [0x00000000f6180000, 0x00000000f7380000, 0x0000000100000000)
  eden space 16384K, 100% used [0x00000000f6180000,0x00000000f7180000,0x00000000f7180000)
  from space 1024K, 100% used [0x00000000f7280000,0x00000000f7380000,0x00000000f7380000)
  to   space 1024K, 0% used [0x00000000f7180000,0x00000000f7180000,0x00000000f7280000)
 ParOldGen       total 20480K, used 4678K [0x00000000e2400000, 0x00000000e3800000, 0x00000000f6180000)
  object space 20480K, 22% used [0x00000000e2400000,0x00000000e28919d8,0x00000000e3800000)
 Metaspace       used 19030K, capacity 19298K, committed 19712K, reserved 1067008K
  class space    used 2148K, capacity 2219K, committed 2304K, reserved 1048576K
Event: 23.375 GC heap after
Heap after GC invocations=5 (full 0):
 PSYoungGen      total 17408K, used 1024K [0x00000000f6180000, 0x00000000f8a80000, 0x0000000100000000)
  eden space 16384K, 0% used [0x00000000f6180000,0x00000000f6180000,0x00000000f7180000)
  from space 1024K, 100% used [0x00000000f7180000,0x00000000f7280000,0x00000000f7280000)
  to   space 4608K, 0% used [0x00000000f8600000,0x00000000f8600000,0x00000000f8a80000)
 ParOldGen       total 20480K, used 7912K [0x00000000e2400000, 0x00000000e3800000, 0x00000000f6180000)
  object space 20480K, 38% used [0x00000000e2400000,0x00000000e2bba328,0x00000000e3800000)
 Metaspace       used 19030K, capacity 19298K, committed 19712K, reserved 1067008K
  class space    used 2148K, capacity 2219K, committed 2304K, reserved 1048576K
}

